[debug] [2026-03-25T16:52:04.453Z] ----------------------------------------------------------------------
[debug] [2026-03-25T16:52:04.454Z] Command:       /opt/homebrew/Cellar/node@22/22.22.0/bin/node /Users/kalyani/.npm/_npx/7750544ccf494d8b/node_modules/.bin/firebase deploy --only hosting
[debug] [2026-03-25T16:52:04.454Z] CLI Version:   15.11.0
[debug] [2026-03-25T16:52:04.454Z] Platform:      darwin
[debug] [2026-03-25T16:52:04.454Z] Node Version:  v22.22.0
[debug] [2026-03-25T16:52:04.454Z] Time:          Wed Mar 25 2026 11:52:04 GMT-0500 (Central Daylight Time)
[debug] [2026-03-25T16:52:04.455Z] ----------------------------------------------------------------------
[debug] 
[debug] [2026-03-25T16:52:05.020Z] Field "/functions" in "firebase.json" is possibly invalid: must be object
[debug] [2026-03-25T16:52:05.020Z] Field "/functions" in "firebase.json" is possibly invalid: must be object
[debug] [2026-03-25T16:52:05.020Z] Object "/functions/0" in "firebase.json" has unknown property: {"additionalProperty":"endpoints"}
[debug] [2026-03-25T16:52:05.020Z] Object "/functions/0" in "firebase.json" is missing required property: {"missingProperty":"remoteSource"}
[debug] [2026-03-25T16:52:05.020Z] Field "/functions/0" in "firebase.json" is possibly invalid: must match a schema in anyOf
[debug] [2026-03-25T16:52:05.020Z] Field "/functions" in "firebase.json" is possibly invalid: must match a schema in anyOf
[debug] [2026-03-25T16:52:05.024Z] > command requires scopes: ["email","openid","https://www.googleapis.com/auth/cloudplatformprojects.readonly","https://www.googleapis.com/auth/firebase","https://www.googleapis.com/auth/cloud-platform"]
[debug] [2026-03-25T16:52:05.024Z] > authorizing via signed-in user (carelogjournal@gmail.com)
[debug] [2026-03-25T16:52:05.024Z] [iam] checking project captureease-ef82f for permissions ["firebase.projects.get","firebasehosting.sites.update"]
[debug] [2026-03-25T16:52:05.025Z] Checked if tokens are valid: false, expires at: 1774447157365
[debug] [2026-03-25T16:52:05.025Z] Checked if tokens are valid: false, expires at: 1774447157365
[debug] [2026-03-25T16:52:05.025Z] > refreshing access token with scopes: []
[debug] [2026-03-25T16:52:05.026Z] >>> [apiv2][query] POST https://www.googleapis.com/oauth2/v3/token [none]
[debug] [2026-03-25T16:52:05.026Z] >>> [apiv2][body] POST https://www.googleapis.com/oauth2/v3/token [omitted]
[debug] [2026-03-25T16:52:05.172Z] <<< [apiv2][status] POST https://www.googleapis.com/oauth2/v3/token 200
[debug] [2026-03-25T16:52:05.172Z] <<< [apiv2][body] POST https://www.googleapis.com/oauth2/v3/token [omitted]
[debug] [2026-03-25T16:52:05.193Z] >>> [apiv2][query] POST https://cloudresourcemanager.googleapis.com/v1/projects/captureease-ef82f:testIamPermissions [none]
[debug] [2026-03-25T16:52:05.193Z] >>> [apiv2][(partial)header] POST https://cloudresourcemanager.googleapis.com/v1/projects/captureease-ef82f:testIamPermissions  x-goog-user-project=captureease-ef82f
[debug] [2026-03-25T16:52:05.193Z] >>> [apiv2][body] POST https://cloudresourcemanager.googleapis.com/v1/projects/captureease-ef82f:testIamPermissions {"permissions":["firebase.projects.get","firebasehosting.sites.update"]}
[debug] [2026-03-25T16:52:05.358Z] <<< [apiv2][status] POST https://cloudresourcemanager.googleapis.com/v1/projects/captureease-ef82f:testIamPermissions 200
[debug] [2026-03-25T16:52:05.358Z] <<< [apiv2][body] POST https://cloudresourcemanager.googleapis.com/v1/projects/captureease-ef82f:testIamPermissions {"permissions":["firebase.projects.get","firebasehosting.sites.update"]}
[debug] [2026-03-25T16:52:05.358Z] Checked if tokens are valid: true, expires at: 1774461124172
[debug] [2026-03-25T16:52:05.358Z] Checked if tokens are valid: true, expires at: 1774461124172
[debug] [2026-03-25T16:52:05.359Z] >>> [apiv2][query] GET https://firebase.googleapis.com/v1beta1/projects/captureease-ef82f [none]
[debug] [2026-03-25T16:52:05.635Z] <<< [apiv2][status] GET https://firebase.googleapis.com/v1beta1/projects/captureease-ef82f 200
[debug] [2026-03-25T16:52:05.636Z] <<< [apiv2][body] GET https://firebase.googleapis.com/v1beta1/projects/captureease-ef82f {"projectId":"captureease-ef82f","projectNumber":"527928340509","displayName":"CaptureEase","name":"projects/captureease-ef82f","resources":{"hostingSite":"captureease-ef82f","locationId":"us-central"},"state":"ACTIVE","etag":"1_11d27217-6936-4422-b82e-d016a6055258"}
[info] 
[info] === Deploying to 'captureease-ef82f'...
[info] 
[info] i  deploying hosting 
[debug] [2026-03-25T16:52:05.641Z] Checked if tokens are valid: true, expires at: 1774461124172
[debug] [2026-03-25T16:52:05.641Z] Checked if tokens are valid: true, expires at: 1774461124172
[debug] [2026-03-25T16:52:05.641Z] >>> [apiv2][query] POST https://firebasehosting.googleapis.com/v1beta1/projects/-/sites/carelog/versions [none]
[debug] [2026-03-25T16:52:05.641Z] >>> [apiv2][body] POST https://firebasehosting.googleapis.com/v1beta1/projects/-/sites/carelog/versions {"status":"CREATED","labels":{"deployment-tool":"cli-firebase"}}
[debug] [2026-03-25T16:52:06.891Z] <<< [apiv2][status] POST https://firebasehosting.googleapis.com/v1beta1/projects/-/sites/carelog/versions 200
[debug] [2026-03-25T16:52:06.891Z] <<< [apiv2][body] POST https://firebasehosting.googleapis.com/v1beta1/projects/-/sites/carelog/versions {"name":"projects/527928340509/sites/carelog/versions/45d65c87ae168969","status":"CREATED","config":{},"labels":{"deployment-tool":"cli-firebase"}}
[info] i  hosting[carelog]: beginning deploy... 
[info] i  hosting[carelog]: found 18 files in build 
[debug] [2026-03-25T16:52:06.906Z] [hosting] uploading with 200 concurrency
[debug] [2026-03-25T16:52:07.412Z] Checked if tokens are valid: true, expires at: 1774461124172
[debug] [2026-03-25T16:52:07.412Z] Checked if tokens are valid: true, expires at: 1774461124172
[debug] [2026-03-25T16:52:07.413Z] [hosting] hash cache [YnVpbGQ] stored for 18 files
[debug] [2026-03-25T16:52:07.413Z] [hosting][hash queue][FINAL] {"max":500,"min":4,"avg":39.388888888888886,"active":0,"complete":18,"success":18,"errored":0,"retried":0,"total":18,"elapsed":503}
[debug] [2026-03-25T16:52:07.413Z] >>> [apiv2][query] POST https://firebasehosting.googleapis.com/v1beta1/projects/527928340509/sites/carelog/versions/45d65c87ae168969:populateFiles [none]
[debug] [2026-03-25T16:52:07.413Z] >>> [apiv2][body] POST https://firebasehosting.googleapis.com/v1beta1/projects/527928340509/sites/carelog/versions/45d65c87ae168969:populateFiles {"files":{"/asset-manifest.json":"b50eb8debe39a7904c84c20920c8868bc9f8fda5338500fa454e987f4d59bec1","/robots.txt":"391d14b3c2f8c9143a27a28c7399585142228d4d1bdbe2c87ac946de411fa9a2","/index.html":"584e3382ab6f04da5cab374c4faf592cb9fed189b77e36232d555c6f87f82ad0","/manifest.json":"3c03563c5ba815cca4ffbc6821e2268e4136fac832c5ee52c16eb233bbfae2d2","/sw.js":"f508b92b629dda43cbac9f12f0a4c32c160ce4aeb3561054c430dd7664b1282d","/static/js/main.b842b330.js.LICENSE.txt":"e6ae04cab49f1b88382a9cea0211ea16286283e421bb5d47f8a6f9fec6d1f716","/static/css/main.035aad08.css.map":"a55b1648c4033dcb85364fd57ecaf37e1ab8727838d1c8c22a915fdf7379952c","/static/css/main.035aad08.css":"f6b8d5a8c3758f98c21bec7dacfeae760a97e16a061fc3c93821e10cdfc3cb2e","/static/js/453.e735bc2c.chunk.js":"76f72df2ae1917f0f0db89882d7c54082af6b1eba5ecb5bc6beb7e21c39d67c8","/static/js/453.e735bc2c.chunk.js.map":"7f6c507f84ffcdf2211dc7fccbe2db0ca9d3748ddeb825861c0c754b24d1188c","/logo192.png":"ed3221f4c49210382581dda3a4d08e14fca713be3073424a60a92fca0f15c77b","/logo512.png":"13c15e7839288f16af344b12f247f89733aade80992ab2a4fe84106e0c274da9","/static/media/logo-transparent.2ab31d07d72fa25080c6.png":"d1fad6d76686e52b9720ff99b7239eb421f23bc045a48444c94764c80953fa6b","/static/media/landingimageRealisitic4.086d2f2c5bf2cf1a104f.jpg":"12f10ff97df8be641efa5960835428e9603ec2c1676418e44eb8972136ed323c","/static/media/about.5d6a1d5b7c945456385f.webp":"6627dc945a209b8d1576d822779b7301deb41073fb9daf84d0867951150619a2","/favicon.ico":"ebe026c0b929d6e34242ecf06be693e89e7d2efd2d152bbf41a769105827af38","/static/js/main.b842b330.js":"75b2b9b04ae2bef7d7a7076fcf40b42b0727201604be154384335fabb87ce54f","/static/js/main.b842b330.js.map":"d7e4febd5a40303efb3ec74f5a999cdd1272d7cb8dd5d172ff5e8c5ef8eb0fbc"}}
[debug] [2026-03-25T16:52:08.100Z] <<< [apiv2][status] POST https://firebasehosting.googleapis.com/v1beta1/projects/527928340509/sites/carelog/versions/45d65c87ae168969:populateFiles 200
[debug] [2026-03-25T16:52:08.100Z] <<< [apiv2][body] POST https://firebasehosting.googleapis.com/v1beta1/projects/527928340509/sites/carelog/versions/45d65c87ae168969:populateFiles {"uploadRequiredHashes":["3c03563c5ba815cca4ffbc6821e2268e4136fac832c5ee52c16eb233bbfae2d2","76f72df2ae1917f0f0db89882d7c54082af6b1eba5ecb5bc6beb7e21c39d67c8","75b2b9b04ae2bef7d7a7076fcf40b42b0727201604be154384335fabb87ce54f","7f6c507f84ffcdf2211dc7fccbe2db0ca9d3748ddeb825861c0c754b24d1188c","d7e4febd5a40303efb3ec74f5a999cdd1272d7cb8dd5d172ff5e8c5ef8eb0fbc","f508b92b629dda43cbac9f12f0a4c32c160ce4aeb3561054c430dd7664b1282d","584e3382ab6f04da5cab374c4faf592cb9fed189b77e36232d555c6f87f82ad0","b50eb8debe39a7904c84c20920c8868bc9f8fda5338500fa454e987f4d59bec1"],"uploadUrl":"https://upload-firebasehosting.googleapis.com/upload/sites/carelog/versions/45d65c87ae168969/files"}
[debug] [2026-03-25T16:52:08.102Z] Checked if tokens are valid: true, expires at: 1774461124172
[debug] [2026-03-25T16:52:08.102Z] Checked if tokens are valid: true, expires at: 1774461124172
[debug] [2026-03-25T16:52:08.102Z] Checked if tokens are valid: true, expires at: 1774461124172
[debug] [2026-03-25T16:52:08.103Z] Checked if tokens are valid: true, expires at: 1774461124172
[debug] [2026-03-25T16:52:08.104Z] Checked if tokens are valid: true, expires at: 1774461124172
[debug] [2026-03-25T16:52:08.105Z] Checked if tokens are valid: true, expires at: 1774461124172
[debug] [2026-03-25T16:52:08.105Z] Checked if tokens are valid: true, expires at: 1774461124172
[debug] [2026-03-25T16:52:08.105Z] Checked if tokens are valid: true, expires at: 1774461124172
[debug] [2026-03-25T16:52:08.106Z] Checked if tokens are valid: true, expires at: 1774461124172
[debug] [2026-03-25T16:52:08.106Z] Checked if tokens are valid: true, expires at: 1774461124172
[debug] [2026-03-25T16:52:08.106Z] Checked if tokens are valid: true, expires at: 1774461124172
[debug] [2026-03-25T16:52:08.106Z] Checked if tokens are valid: true, expires at: 1774461124172
[debug] [2026-03-25T16:52:08.106Z] Checked if tokens are valid: true, expires at: 1774461124172
[debug] [2026-03-25T16:52:08.106Z] Checked if tokens are valid: true, expires at: 1774461124172
[debug] [2026-03-25T16:52:08.107Z] Checked if tokens are valid: true, expires at: 1774461124172
[debug] [2026-03-25T16:52:08.107Z] Checked if tokens are valid: true, expires at: 1774461124172
[debug] [2026-03-25T16:52:08.107Z] >>> [apiv2][query] POST https://upload-firebasehosting.googleapis.com/upload/sites/carelog/versions/45d65c87ae168969/files/3c03563c5ba815cca4ffbc6821e2268e4136fac832c5ee52c16eb233bbfae2d2 [none]
[debug] [2026-03-25T16:52:08.107Z] >>> [apiv2][body] POST https://upload-firebasehosting.googleapis.com/upload/sites/carelog/versions/45d65c87ae168969/files/3c03563c5ba815cca4ffbc6821e2268e4136fac832c5ee52c16eb233bbfae2d2 [stream]
[debug] [2026-03-25T16:52:08.109Z] >>> [apiv2][query] POST https://upload-firebasehosting.googleapis.com/upload/sites/carelog/versions/45d65c87ae168969/files/76f72df2ae1917f0f0db89882d7c54082af6b1eba5ecb5bc6beb7e21c39d67c8 [none]
[debug] [2026-03-25T16:52:08.109Z] >>> [apiv2][body] POST https://upload-firebasehosting.googleapis.com/upload/sites/carelog/versions/45d65c87ae168969/files/76f72df2ae1917f0f0db89882d7c54082af6b1eba5ecb5bc6beb7e21c39d67c8 [stream]
[debug] [2026-03-25T16:52:08.111Z] >>> [apiv2][query] POST https://upload-firebasehosting.googleapis.com/upload/sites/carelog/versions/45d65c87ae168969/files/75b2b9b04ae2bef7d7a7076fcf40b42b0727201604be154384335fabb87ce54f [none]
[debug] [2026-03-25T16:52:08.111Z] >>> [apiv2][body] POST https://upload-firebasehosting.googleapis.com/upload/sites/carelog/versions/45d65c87ae168969/files/75b2b9b04ae2bef7d7a7076fcf40b42b0727201604be154384335fabb87ce54f [stream]
[debug] [2026-03-25T16:52:08.112Z] >>> [apiv2][query] POST https://upload-firebasehosting.googleapis.com/upload/sites/carelog/versions/45d65c87ae168969/files/7f6c507f84ffcdf2211dc7fccbe2db0ca9d3748ddeb825861c0c754b24d1188c [none]
[debug] [2026-03-25T16:52:08.112Z] >>> [apiv2][body] POST https://upload-firebasehosting.googleapis.com/upload/sites/carelog/versions/45d65c87ae168969/files/7f6c507f84ffcdf2211dc7fccbe2db0ca9d3748ddeb825861c0c754b24d1188c [stream]
[debug] [2026-03-25T16:52:08.115Z] >>> [apiv2][query] POST https://upload-firebasehosting.googleapis.com/upload/sites/carelog/versions/45d65c87ae168969/files/d7e4febd5a40303efb3ec74f5a999cdd1272d7cb8dd5d172ff5e8c5ef8eb0fbc [none]
[debug] [2026-03-25T16:52:08.115Z] >>> [apiv2][body] POST https://upload-firebasehosting.googleapis.com/upload/sites/carelog/versions/45d65c87ae168969/files/d7e4febd5a40303efb3ec74f5a999cdd1272d7cb8dd5d172ff5e8c5ef8eb0fbc [stream]
[debug] [2026-03-25T16:52:08.115Z] >>> [apiv2][query] POST https://upload-firebasehosting.googleapis.com/upload/sites/carelog/versions/45d65c87ae168969/files/f508b92b629dda43cbac9f12f0a4c32c160ce4aeb3561054c430dd7664b1282d [none]
[debug] [2026-03-25T16:52:08.115Z] >>> [apiv2][body] POST https://upload-firebasehosting.googleapis.com/upload/sites/carelog/versions/45d65c87ae168969/files/f508b92b629dda43cbac9f12f0a4c32c160ce4aeb3561054c430dd7664b1282d [stream]
[debug] [2026-03-25T16:52:08.116Z] >>> [apiv2][query] POST https://upload-firebasehosting.googleapis.com/upload/sites/carelog/versions/45d65c87ae168969/files/584e3382ab6f04da5cab374c4faf592cb9fed189b77e36232d555c6f87f82ad0 [none]
[debug] [2026-03-25T16:52:08.116Z] >>> [apiv2][body] POST https://upload-firebasehosting.googleapis.com/upload/sites/carelog/versions/45d65c87ae168969/files/584e3382ab6f04da5cab374c4faf592cb9fed189b77e36232d555c6f87f82ad0 [stream]
[debug] [2026-03-25T16:52:08.117Z] >>> [apiv2][query] POST https://upload-firebasehosting.googleapis.com/upload/sites/carelog/versions/45d65c87ae168969/files/b50eb8debe39a7904c84c20920c8868bc9f8fda5338500fa454e987f4d59bec1 [none]
[debug] [2026-03-25T16:52:08.117Z] >>> [apiv2][body] POST https://upload-firebasehosting.googleapis.com/upload/sites/carelog/versions/45d65c87ae168969/files/b50eb8debe39a7904c84c20920c8868bc9f8fda5338500fa454e987f4d59bec1 [stream]
[debug] [2026-03-25T16:52:08.117Z] [hosting][populate queue][FINAL] {"max":695,"min":695,"avg":695,"active":0,"complete":1,"success":1,"errored":0,"retried":0,"total":1,"elapsed":705}
[debug] [2026-03-25T16:52:08.118Z] [hosting] uploads queued: 8
[debug] [2026-03-25T16:52:08.793Z] <<< [apiv2][status] POST https://upload-firebasehosting.googleapis.com/upload/sites/carelog/versions/45d65c87ae168969/files/584e3382ab6f04da5cab374c4faf592cb9fed189b77e36232d555c6f87f82ad0 200
[debug] [2026-03-25T16:52:08.793Z] <<< [apiv2][body] POST https://upload-firebasehosting.googleapis.com/upload/sites/carelog/versions/45d65c87ae168969/files/584e3382ab6f04da5cab374c4faf592cb9fed189b77e36232d555c6f87f82ad0 [stream]
[debug] [2026-03-25T16:52:08.813Z] <<< [apiv2][status] POST https://upload-firebasehosting.googleapis.com/upload/sites/carelog/versions/45d65c87ae168969/files/f508b92b629dda43cbac9f12f0a4c32c160ce4aeb3561054c430dd7664b1282d 200
[debug] [2026-03-25T16:52:08.814Z] <<< [apiv2][body] POST https://upload-firebasehosting.googleapis.com/upload/sites/carelog/versions/45d65c87ae168969/files/f508b92b629dda43cbac9f12f0a4c32c160ce4aeb3561054c430dd7664b1282d [stream]
[debug] [2026-03-25T16:52:08.824Z] <<< [apiv2][status] POST https://upload-firebasehosting.googleapis.com/upload/sites/carelog/versions/45d65c87ae168969/files/b50eb8debe39a7904c84c20920c8868bc9f8fda5338500fa454e987f4d59bec1 200
[debug] [2026-03-25T16:52:08.824Z] <<< [apiv2][body] POST https://upload-firebasehosting.googleapis.com/upload/sites/carelog/versions/45d65c87ae168969/files/b50eb8debe39a7904c84c20920c8868bc9f8fda5338500fa454e987f4d59bec1 [stream]
[debug] [2026-03-25T16:52:08.852Z] <<< [apiv2][status] POST https://upload-firebasehosting.googleapis.com/upload/sites/carelog/versions/45d65c87ae168969/files/7f6c507f84ffcdf2211dc7fccbe2db0ca9d3748ddeb825861c0c754b24d1188c 200
[debug] [2026-03-25T16:52:08.852Z] <<< [apiv2][body] POST https://upload-firebasehosting.googleapis.com/upload/sites/carelog/versions/45d65c87ae168969/files/7f6c507f84ffcdf2211dc7fccbe2db0ca9d3748ddeb825861c0c754b24d1188c [stream]
[debug] [2026-03-25T16:52:08.883Z] <<< [apiv2][status] POST https://upload-firebasehosting.googleapis.com/upload/sites/carelog/versions/45d65c87ae168969/files/3c03563c5ba815cca4ffbc6821e2268e4136fac832c5ee52c16eb233bbfae2d2 200
[debug] [2026-03-25T16:52:08.883Z] <<< [apiv2][body] POST https://upload-firebasehosting.googleapis.com/upload/sites/carelog/versions/45d65c87ae168969/files/3c03563c5ba815cca4ffbc6821e2268e4136fac832c5ee52c16eb233bbfae2d2 [stream]
[info] i  hosting: uploading new files [5/8] (62%) 
[debug] [2026-03-25T16:52:09.288Z] <<< [apiv2][status] POST https://upload-firebasehosting.googleapis.com/upload/sites/carelog/versions/45d65c87ae168969/files/76f72df2ae1917f0f0db89882d7c54082af6b1eba5ecb5bc6beb7e21c39d67c8 200
[debug] [2026-03-25T16:52:09.288Z] <<< [apiv2][body] POST https://upload-firebasehosting.googleapis.com/upload/sites/carelog/versions/45d65c87ae168969/files/76f72df2ae1917f0f0db89882d7c54082af6b1eba5ecb5bc6beb7e21c39d67c8 [stream]
[debug] [2026-03-25T16:52:09.429Z] <<< [apiv2][status] POST https://upload-firebasehosting.googleapis.com/upload/sites/carelog/versions/45d65c87ae168969/files/75b2b9b04ae2bef7d7a7076fcf40b42b0727201604be154384335fabb87ce54f 200
[debug] [2026-03-25T16:52:09.429Z] <<< [apiv2][body] POST https://upload-firebasehosting.googleapis.com/upload/sites/carelog/versions/45d65c87ae168969/files/75b2b9b04ae2bef7d7a7076fcf40b42b0727201604be154384335fabb87ce54f [stream]
[debug] [2026-03-25T16:52:10.015Z] <<< [apiv2][status] POST https://upload-firebasehosting.googleapis.com/upload/sites/carelog/versions/45d65c87ae168969/files/d7e4febd5a40303efb3ec74f5a999cdd1272d7cb8dd5d172ff5e8c5ef8eb0fbc 200
[debug] [2026-03-25T16:52:10.015Z] <<< [apiv2][body] POST https://upload-firebasehosting.googleapis.com/upload/sites/carelog/versions/45d65c87ae168969/files/d7e4febd5a40303efb3ec74f5a999cdd1272d7cb8dd5d172ff5e8c5ef8eb0fbc [stream]
[debug] [2026-03-25T16:52:10.015Z] [hosting][upload queue][FINAL] {"max":1910,"min":687,"avg":1008.125,"active":0,"complete":8,"success":8,"errored":0,"retried":0,"total":8,"elapsed":1915}
[info] i  hosting: upload complete 
[info] ✔  hosting[carelog]: file upload complete 
[debug] [2026-03-25T16:52:10.016Z] [hosting] deploy completed after 3120ms
[debug] [2026-03-25T16:52:10.016Z] [
  {
    "config": {
      "//": "Production domain captureez.com / www.captureez.com is served from Firebase Hosting site 'carelog'. See DEPLOYMENT.md.",
      "site": "carelog",
      "public": "build",
      "ignore": [
        "firebase.json",
        "**/.*",
        "**/node_modules/**"
      ]
    },
    "version": "projects/527928340509/sites/carelog/versions/45d65c87ae168969"
  }
]
[info] i  hosting[carelog]: finalizing version... 
[debug] [2026-03-25T16:52:10.017Z] Checked if tokens are valid: true, expires at: 1774461124172
[debug] [2026-03-25T16:52:10.017Z] Checked if tokens are valid: true, expires at: 1774461124172
[debug] [2026-03-25T16:52:10.018Z] >>> [apiv2][query] PATCH https://firebasehosting.googleapis.com/v1beta1/projects/-/sites/carelog/versions/45d65c87ae168969 updateMask=status%2Cconfig
[debug] [2026-03-25T16:52:10.018Z] >>> [apiv2][body] PATCH https://firebasehosting.googleapis.com/v1beta1/projects/-/sites/carelog/versions/45d65c87ae168969 {"status":"FINALIZED","config":{}}
[debug] [2026-03-25T16:52:10.558Z] <<< [apiv2][status] PATCH https://firebasehosting.googleapis.com/v1beta1/projects/-/sites/carelog/versions/45d65c87ae168969 200
[debug] [2026-03-25T16:52:10.558Z] <<< [apiv2][body] PATCH https://firebasehosting.googleapis.com/v1beta1/projects/-/sites/carelog/versions/45d65c87ae168969 {"name":"projects/527928340509/sites/carelog/versions/45d65c87ae168969","status":"FINALIZED","config":{},"labels":{"deployment-tool":"cli-firebase"},"createTime":"2026-03-25T16:52:06.119720Z","createUser":{"email":"carelogjournal@gmail.com"},"finalizeTime":"2026-03-25T16:52:10.442992Z","finalizeUser":{"email":"carelogjournal@gmail.com"}}
[debug] [2026-03-25T16:52:10.559Z] [hosting] finalized version for carelog:[object Object]
[info] ✔  hosting[carelog]: version finalized 
[info] i  hosting[carelog]: releasing new version... 
[debug] [2026-03-25T16:52:10.559Z] Checked if tokens are valid: true, expires at: 1774461124172
[debug] [2026-03-25T16:52:10.559Z] Checked if tokens are valid: true, expires at: 1774461124172
[debug] [2026-03-25T16:52:10.559Z] >>> [apiv2][query] POST https://firebasehosting.googleapis.com/v1beta1/projects/-/sites/carelog/channels/live/releases versionName=projects%2F527928340509%2Fsites%2Fcarelog%2Fversions%2F45d65c87ae168969
[debug] [2026-03-25T16:52:10.559Z] >>> [apiv2][body] POST https://firebasehosting.googleapis.com/v1beta1/projects/-/sites/carelog/channels/live/releases {}
[debug] [2026-03-25T16:52:11.357Z] <<< [apiv2][status] POST https://firebasehosting.googleapis.com/v1beta1/projects/-/sites/carelog/channels/live/releases 200
[debug] [2026-03-25T16:52:11.357Z] <<< [apiv2][body] POST https://firebasehosting.googleapis.com/v1beta1/projects/-/sites/carelog/channels/live/releases {"name":"projects/527928340509/sites/carelog/channels/live/releases/1774457530597000","version":{"name":"projects/527928340509/sites/carelog/versions/45d65c87ae168969","status":"FINALIZED","config":{},"labels":{"deployment-tool":"cli-firebase"},"createTime":"2026-03-25T16:52:06.119720Z","createUser":{"email":"carelogjournal@gmail.com","imageUrl":"https://lh3.googleusercontent.com/a/ACg8ocLyBg8Z7urWCdXNe0nNVJwEChyCqhruRaNbLeuUdZiEeXKaVoI"},"finalizeTime":"2026-03-25T16:52:10.442992Z","finalizeUser":{"email":"carelogjournal@gmail.com","imageUrl":"https://lh3.googleusercontent.com/a/ACg8ocLyBg8Z7urWCdXNe0nNVJwEChyCqhruRaNbLeuUdZiEeXKaVoI"}},"type":"DEPLOY","releaseTime":"2026-03-25T16:52:10.597Z","releaseUser":{"email":"carelogjournal@gmail.com","imageUrl":"https://lh3.googleusercontent.com/a/ACg8ocLyBg8Z7urWCdXNe0nNVJwEChyCqhruRaNbLeuUdZiEeXKaVoI"}}
[debug] [2026-03-25T16:52:11.357Z] [hosting] release: {"name":"projects/527928340509/sites/carelog/channels/live/releases/1774457530597000","version":{"name":"projects/527928340509/sites/carelog/versions/45d65c87ae168969","status":"FINALIZED","config":{},"labels":{"deployment-tool":"cli-firebase"},"createTime":"2026-03-25T16:52:06.119720Z","createUser":{"email":"carelogjournal@gmail.com","imageUrl":"https://lh3.googleusercontent.com/a/ACg8ocLyBg8Z7urWCdXNe0nNVJwEChyCqhruRaNbLeuUdZiEeXKaVoI"},"finalizeTime":"2026-03-25T16:52:10.442992Z","finalizeUser":{"email":"carelogjournal@gmail.com","imageUrl":"https://lh3.googleusercontent.com/a/ACg8ocLyBg8Z7urWCdXNe0nNVJwEChyCqhruRaNbLeuUdZiEeXKaVoI"}},"type":"DEPLOY","releaseTime":"2026-03-25T16:52:10.597Z","releaseUser":{"email":"carelogjournal@gmail.com","imageUrl":"https://lh3.googleusercontent.com/a/ACg8ocLyBg8Z7urWCdXNe0nNVJwEChyCqhruRaNbLeuUdZiEeXKaVoI"}}
[info] ✔  hosting[carelog]: release complete 
[info] 
[info] ✔  Deploy complete! 
[info] 
[info] Project Console: https://console.firebase.google.com/project/captureease-ef82f/overview
[info] Hosting URL: https://carelog.web.app
[debug] [2026-03-27T18:38:17.725Z] ----------------------------------------------------------------------
[debug] [2026-03-27T18:38:17.726Z] Command:       /opt/homebrew/Cellar/node@22/22.22.0/bin/node /Users/kalyani/.npm/_npx/7750544ccf494d8b/node_modules/.bin/firebase deploy --only hosting
[debug] [2026-03-27T18:38:17.727Z] CLI Version:   15.12.0
[debug] [2026-03-27T18:38:17.727Z] Platform:      darwin
[debug] [2026-03-27T18:38:17.727Z] Node Version:  v22.22.0
[debug] [2026-03-27T18:38:17.727Z] Time:          Fri Mar 27 2026 13:38:17 GMT-0500 (Central Daylight Time)
[debug] [2026-03-27T18:38:17.727Z] ----------------------------------------------------------------------
[debug] 
[debug] [2026-03-27T18:38:18.690Z] Field "/functions" in "firebase.json" is possibly invalid: must be object
[debug] [2026-03-27T18:38:18.691Z] Field "/functions" in "firebase.json" is possibly invalid: must be object
[debug] [2026-03-27T18:38:18.691Z] Object "/functions/0" in "firebase.json" has unknown property: {"additionalProperty":"endpoints"}
[debug] [2026-03-27T18:38:18.691Z] Object "/functions/0" in "firebase.json" is missing required property: {"missingProperty":"remoteSource"}
[debug] [2026-03-27T18:38:18.691Z] Field "/functions/0" in "firebase.json" is possibly invalid: must match a schema in anyOf
[debug] [2026-03-27T18:38:18.691Z] Field "/functions" in "firebase.json" is possibly invalid: must match a schema in anyOf
[debug] [2026-03-27T18:38:18.692Z] > command requires scopes: ["email","openid","https://www.googleapis.com/auth/cloudplatformprojects.readonly","https://www.googleapis.com/auth/firebase","https://www.googleapis.com/auth/cloud-platform"]
[debug] [2026-03-27T18:38:18.692Z] > authorizing via signed-in user (carelogjournal@gmail.com)
[debug] [2026-03-27T18:38:18.692Z] [iam] checking project captureease-ef82f for permissions ["firebase.projects.get","firebasehosting.sites.update"]
[debug] [2026-03-27T18:38:18.693Z] Checked if tokens are valid: false, expires at: 1774634166769
[debug] [2026-03-27T18:38:18.693Z] Checked if tokens are valid: false, expires at: 1774634166769
[debug] [2026-03-27T18:38:18.693Z] > refreshing access token with scopes: []
[debug] [2026-03-27T18:38:18.694Z] >>> [apiv2][query] POST https://www.googleapis.com/oauth2/v3/token [none]
[debug] [2026-03-27T18:38:18.694Z] >>> [apiv2][body] POST https://www.googleapis.com/oauth2/v3/token [omitted]
[debug] [2026-03-27T18:38:18.817Z] <<< [apiv2][status] POST https://www.googleapis.com/oauth2/v3/token 200
[debug] [2026-03-27T18:38:18.817Z] <<< [apiv2][body] POST https://www.googleapis.com/oauth2/v3/token [omitted]
[debug] [2026-03-27T18:38:18.826Z] >>> [apiv2][query] POST https://cloudresourcemanager.googleapis.com/v1/projects/captureease-ef82f:testIamPermissions [none]
[debug] [2026-03-27T18:38:18.826Z] >>> [apiv2][(partial)header] POST https://cloudresourcemanager.googleapis.com/v1/projects/captureease-ef82f:testIamPermissions  x-goog-user-project=captureease-ef82f
[debug] [2026-03-27T18:38:18.826Z] >>> [apiv2][body] POST https://cloudresourcemanager.googleapis.com/v1/projects/captureease-ef82f:testIamPermissions {"permissions":["firebase.projects.get","firebasehosting.sites.update"]}
[debug] [2026-03-27T18:38:18.985Z] <<< [apiv2][status] POST https://cloudresourcemanager.googleapis.com/v1/projects/captureease-ef82f:testIamPermissions 200
[debug] [2026-03-27T18:38:18.985Z] <<< [apiv2][body] POST https://cloudresourcemanager.googleapis.com/v1/projects/captureease-ef82f:testIamPermissions {"permissions":["firebase.projects.get","firebasehosting.sites.update"]}
[debug] [2026-03-27T18:38:18.986Z] Checked if tokens are valid: true, expires at: 1774640297817
[debug] [2026-03-27T18:38:18.986Z] Checked if tokens are valid: true, expires at: 1774640297817
[debug] [2026-03-27T18:38:18.986Z] >>> [apiv2][query] GET https://firebase.googleapis.com/v1beta1/projects/captureease-ef82f [none]
[debug] [2026-03-27T18:38:19.147Z] <<< [apiv2][status] GET https://firebase.googleapis.com/v1beta1/projects/captureease-ef82f 200
[debug] [2026-03-27T18:38:19.147Z] <<< [apiv2][body] GET https://firebase.googleapis.com/v1beta1/projects/captureease-ef82f {"projectId":"captureease-ef82f","projectNumber":"527928340509","displayName":"CaptureEase","name":"projects/captureease-ef82f","resources":{"hostingSite":"captureease-ef82f","locationId":"us-central"},"state":"ACTIVE","etag":"1_11d27217-6936-4422-b82e-d016a6055258"}
[info] 
[info] === Deploying to 'captureease-ef82f'...
[info] 
[info] i  deploying hosting 
[debug] [2026-03-27T18:38:19.150Z] Checked if tokens are valid: true, expires at: 1774640297817
[debug] [2026-03-27T18:38:19.150Z] Checked if tokens are valid: true, expires at: 1774640297817
[debug] [2026-03-27T18:38:19.150Z] >>> [apiv2][query] POST https://firebasehosting.googleapis.com/v1beta1/projects/-/sites/carelog/versions [none]
[debug] [2026-03-27T18:38:19.150Z] >>> [apiv2][body] POST https://firebasehosting.googleapis.com/v1beta1/projects/-/sites/carelog/versions {"status":"CREATED","labels":{"deployment-tool":"cli-firebase"}}
[debug] [2026-03-27T18:38:20.410Z] <<< [apiv2][status] POST https://firebasehosting.googleapis.com/v1beta1/projects/-/sites/carelog/versions 200
[debug] [2026-03-27T18:38:20.410Z] <<< [apiv2][body] POST https://firebasehosting.googleapis.com/v1beta1/projects/-/sites/carelog/versions {"name":"projects/527928340509/sites/carelog/versions/d595e35bfad850b9","status":"CREATED","config":{},"labels":{"deployment-tool":"cli-firebase"}}
[info] i  hosting[carelog]: beginning deploy... 
[info] i  hosting[carelog]: found 18 files in build 
[debug] [2026-03-27T18:38:20.422Z] [hosting] uploading with 200 concurrency
[debug] [2026-03-27T18:38:20.926Z] Checked if tokens are valid: true, expires at: 1774640297817
[debug] [2026-03-27T18:38:20.926Z] Checked if tokens are valid: true, expires at: 1774640297817
[debug] [2026-03-27T18:38:20.927Z] [hosting] hash cache [YnVpbGQ] stored for 18 files
[debug] [2026-03-27T18:38:20.927Z] [hosting][hash queue][FINAL] {"max":501,"min":5,"avg":40.77777777777778,"active":0,"complete":18,"success":18,"errored":0,"retried":0,"total":18,"elapsed":504}
[debug] [2026-03-27T18:38:20.927Z] >>> [apiv2][query] POST https://firebasehosting.googleapis.com/v1beta1/projects/527928340509/sites/carelog/versions/d595e35bfad850b9:populateFiles [none]
[debug] [2026-03-27T18:38:20.927Z] >>> [apiv2][body] POST https://firebasehosting.googleapis.com/v1beta1/projects/527928340509/sites/carelog/versions/d595e35bfad850b9:populateFiles {"files":{"/robots.txt":"391d14b3c2f8c9143a27a28c7399585142228d4d1bdbe2c87ac946de411fa9a2","/index.html":"84e7b3632d7f440baadefe1e292c60d4eda47910e2df9e0b314eed4f97a021fa","/sw.js":"f508b92b629dda43cbac9f12f0a4c32c160ce4aeb3561054c430dd7664b1282d","/manifest.json":"3c03563c5ba815cca4ffbc6821e2268e4136fac832c5ee52c16eb233bbfae2d2","/asset-manifest.json":"8537bc16cb93103bc9caba93fd48d675c3c94ba674d35f80667829ce0f3c9f8f","/static/js/main.37157db8.js.LICENSE.txt":"e6ae04cab49f1b88382a9cea0211ea16286283e421bb5d47f8a6f9fec6d1f716","/static/js/453.e735bc2c.chunk.js":"76f72df2ae1917f0f0db89882d7c54082af6b1eba5ecb5bc6beb7e21c39d67c8","/static/css/main.035aad08.css.map":"a55b1648c4033dcb85364fd57ecaf37e1ab8727838d1c8c22a915fdf7379952c","/static/css/main.035aad08.css":"f6b8d5a8c3758f98c21bec7dacfeae760a97e16a061fc3c93821e10cdfc3cb2e","/static/js/453.e735bc2c.chunk.js.map":"7f6c507f84ffcdf2211dc7fccbe2db0ca9d3748ddeb825861c0c754b24d1188c","/logo192.png":"ed3221f4c49210382581dda3a4d08e14fca713be3073424a60a92fca0f15c77b","/logo512.png":"13c15e7839288f16af344b12f247f89733aade80992ab2a4fe84106e0c274da9","/static/media/logo-transparent.2ab31d07d72fa25080c6.png":"d1fad6d76686e52b9720ff99b7239eb421f23bc045a48444c94764c80953fa6b","/static/media/landingimageRealisitic4.086d2f2c5bf2cf1a104f.jpg":"12f10ff97df8be641efa5960835428e9603ec2c1676418e44eb8972136ed323c","/static/media/about.5d6a1d5b7c945456385f.webp":"6627dc945a209b8d1576d822779b7301deb41073fb9daf84d0867951150619a2","/favicon.ico":"ebe026c0b929d6e34242ecf06be693e89e7d2efd2d152bbf41a769105827af38","/static/js/main.37157db8.js":"60c59bad35f73eebbcabe302f11296a743228d69ab3aac540c487ffa728ef6ae","/static/js/main.37157db8.js.map":"95223ab112e0b0cade23fb66c9e3af48c9fb3f85a2d6a8817d3e2cc84198ac53"}}
[debug] [2026-03-27T18:38:21.402Z] <<< [apiv2][status] POST https://firebasehosting.googleapis.com/v1beta1/projects/527928340509/sites/carelog/versions/d595e35bfad850b9:populateFiles 200
[debug] [2026-03-27T18:38:21.402Z] <<< [apiv2][body] POST https://firebasehosting.googleapis.com/v1beta1/projects/527928340509/sites/carelog/versions/d595e35bfad850b9:populateFiles {"uploadRequiredHashes":["95223ab112e0b0cade23fb66c9e3af48c9fb3f85a2d6a8817d3e2cc84198ac53","8537bc16cb93103bc9caba93fd48d675c3c94ba674d35f80667829ce0f3c9f8f","60c59bad35f73eebbcabe302f11296a743228d69ab3aac540c487ffa728ef6ae","84e7b3632d7f440baadefe1e292c60d4eda47910e2df9e0b314eed4f97a021fa"],"uploadUrl":"https://upload-firebasehosting.googleapis.com/upload/sites/carelog/versions/d595e35bfad850b9/files"}
[debug] [2026-03-27T18:38:21.403Z] Checked if tokens are valid: true, expires at: 1774640297817
[debug] [2026-03-27T18:38:21.403Z] Checked if tokens are valid: true, expires at: 1774640297817
[debug] [2026-03-27T18:38:21.403Z] Checked if tokens are valid: true, expires at: 1774640297817
[debug] [2026-03-27T18:38:21.403Z] Checked if tokens are valid: true, expires at: 1774640297817
[debug] [2026-03-27T18:38:21.404Z] Checked if tokens are valid: true, expires at: 1774640297817
[debug] [2026-03-27T18:38:21.404Z] Checked if tokens are valid: true, expires at: 1774640297817
[debug] [2026-03-27T18:38:21.404Z] Checked if tokens are valid: true, expires at: 1774640297817
[debug] [2026-03-27T18:38:21.404Z] Checked if tokens are valid: true, expires at: 1774640297817
[debug] [2026-03-27T18:38:21.405Z] >>> [apiv2][query] POST https://upload-firebasehosting.googleapis.com/upload/sites/carelog/versions/d595e35bfad850b9/files/95223ab112e0b0cade23fb66c9e3af48c9fb3f85a2d6a8817d3e2cc84198ac53 [none]
[debug] [2026-03-27T18:38:21.405Z] >>> [apiv2][body] POST https://upload-firebasehosting.googleapis.com/upload/sites/carelog/versions/d595e35bfad850b9/files/95223ab112e0b0cade23fb66c9e3af48c9fb3f85a2d6a8817d3e2cc84198ac53 [stream]
[debug] [2026-03-27T18:38:21.406Z] >>> [apiv2][query] POST https://upload-firebasehosting.googleapis.com/upload/sites/carelog/versions/d595e35bfad850b9/files/8537bc16cb93103bc9caba93fd48d675c3c94ba674d35f80667829ce0f3c9f8f [none]
[debug] [2026-03-27T18:38:21.406Z] >>> [apiv2][body] POST https://upload-firebasehosting.googleapis.com/upload/sites/carelog/versions/d595e35bfad850b9/files/8537bc16cb93103bc9caba93fd48d675c3c94ba674d35f80667829ce0f3c9f8f [stream]
[debug] [2026-03-27T18:38:21.408Z] >>> [apiv2][query] POST https://upload-firebasehosting.googleapis.com/upload/sites/carelog/versions/d595e35bfad850b9/files/60c59bad35f73eebbcabe302f11296a743228d69ab3aac540c487ffa728ef6ae [none]
[debug] [2026-03-27T18:38:21.408Z] >>> [apiv2][body] POST https://upload-firebasehosting.googleapis.com/upload/sites/carelog/versions/d595e35bfad850b9/files/60c59bad35f73eebbcabe302f11296a743228d69ab3aac540c487ffa728ef6ae [stream]
[debug] [2026-03-27T18:38:21.409Z] >>> [apiv2][query] POST https://upload-firebasehosting.googleapis.com/upload/sites/carelog/versions/d595e35bfad850b9/files/84e7b3632d7f440baadefe1e292c60d4eda47910e2df9e0b314eed4f97a021fa [none]
[debug] [2026-03-27T18:38:21.409Z] >>> [apiv2][body] POST https://upload-firebasehosting.googleapis.com/upload/sites/carelog/versions/d595e35bfad850b9/files/84e7b3632d7f440baadefe1e292c60d4eda47910e2df9e0b314eed4f97a021fa [stream]
[debug] [2026-03-27T18:38:21.411Z] [hosting][populate queue][FINAL] {"max":478,"min":478,"avg":478,"active":0,"complete":1,"success":1,"errored":0,"retried":0,"total":1,"elapsed":485}
[debug] [2026-03-27T18:38:21.411Z] [hosting] uploads queued: 4
[debug] [2026-03-27T18:38:22.061Z] <<< [apiv2][status] POST https://upload-firebasehosting.googleapis.com/upload/sites/carelog/versions/d595e35bfad850b9/files/8537bc16cb93103bc9caba93fd48d675c3c94ba674d35f80667829ce0f3c9f8f 200
[debug] [2026-03-27T18:38:22.061Z] <<< [apiv2][body] POST https://upload-firebasehosting.googleapis.com/upload/sites/carelog/versions/d595e35bfad850b9/files/8537bc16cb93103bc9caba93fd48d675c3c94ba674d35f80667829ce0f3c9f8f [stream]
[debug] [2026-03-27T18:38:22.076Z] <<< [apiv2][status] POST https://upload-firebasehosting.googleapis.com/upload/sites/carelog/versions/d595e35bfad850b9/files/84e7b3632d7f440baadefe1e292c60d4eda47910e2df9e0b314eed4f97a021fa 200
[debug] [2026-03-27T18:38:22.076Z] <<< [apiv2][body] POST https://upload-firebasehosting.googleapis.com/upload/sites/carelog/versions/d595e35bfad850b9/files/84e7b3632d7f440baadefe1e292c60d4eda47910e2df9e0b314eed4f97a021fa [stream]
[debug] [2026-03-27T18:38:22.386Z] <<< [apiv2][status] POST https://upload-firebasehosting.googleapis.com/upload/sites/carelog/versions/d595e35bfad850b9/files/60c59bad35f73eebbcabe302f11296a743228d69ab3aac540c487ffa728ef6ae 200
[debug] [2026-03-27T18:38:22.387Z] <<< [apiv2][body] POST https://upload-firebasehosting.googleapis.com/upload/sites/carelog/versions/d595e35bfad850b9/files/60c59bad35f73eebbcabe302f11296a743228d69ab3aac540c487ffa728ef6ae [stream]
[info] i  hosting: uploading new files [3/4] (75%) 
[debug] [2026-03-27T18:38:22.623Z] <<< [apiv2][status] POST https://upload-firebasehosting.googleapis.com/upload/sites/carelog/versions/d595e35bfad850b9/files/95223ab112e0b0cade23fb66c9e3af48c9fb3f85a2d6a8817d3e2cc84198ac53 200
[debug] [2026-03-27T18:38:22.624Z] <<< [apiv2][body] POST https://upload-firebasehosting.googleapis.com/upload/sites/carelog/versions/d595e35bfad850b9/files/95223ab112e0b0cade23fb66c9e3af48c9fb3f85a2d6a8817d3e2cc84198ac53 [stream]
[debug] [2026-03-27T18:38:22.624Z] [hosting][upload queue][FINAL] {"max":1222,"min":658,"avg":884,"active":0,"complete":4,"success":4,"errored":0,"retried":0,"total":4,"elapsed":1222}
[info] i  hosting: upload complete 
[info] ✔  hosting[carelog]: file upload complete 
[debug] [2026-03-27T18:38:22.624Z] [hosting] deploy completed after 2212ms
[debug] [2026-03-27T18:38:22.625Z] [
  {
    "config": {
      "//": "Production domain captureez.com / www.captureez.com is served from Firebase Hosting site 'carelog'. See DEPLOYMENT.md.",
      "site": "carelog",
      "public": "build",
      "ignore": [
        "firebase.json",
        "**/.*",
        "**/node_modules/**"
      ]
    },
    "version": "projects/527928340509/sites/carelog/versions/d595e35bfad850b9"
  }
]
[info] i  hosting[carelog]: finalizing version... 
[debug] [2026-03-27T18:38:22.626Z] Checked if tokens are valid: true, expires at: 1774640297817
[debug] [2026-03-27T18:38:22.626Z] Checked if tokens are valid: true, expires at: 1774640297817
[debug] [2026-03-27T18:38:22.626Z] >>> [apiv2][query] PATCH https://firebasehosting.googleapis.com/v1beta1/projects/-/sites/carelog/versions/d595e35bfad850b9 updateMask=status%2Cconfig
[debug] [2026-03-27T18:38:22.626Z] >>> [apiv2][body] PATCH https://firebasehosting.googleapis.com/v1beta1/projects/-/sites/carelog/versions/d595e35bfad850b9 {"status":"FINALIZED","config":{}}
[debug] [2026-03-27T18:38:23.098Z] <<< [apiv2][status] PATCH https://firebasehosting.googleapis.com/v1beta1/projects/-/sites/carelog/versions/d595e35bfad850b9 200
[debug] [2026-03-27T18:38:23.098Z] <<< [apiv2][body] PATCH https://firebasehosting.googleapis.com/v1beta1/projects/-/sites/carelog/versions/d595e35bfad850b9 {"name":"projects/527928340509/sites/carelog/versions/d595e35bfad850b9","status":"FINALIZED","config":{},"labels":{"deployment-tool":"cli-firebase"},"createTime":"2026-03-27T18:38:19.641132Z","createUser":{"email":"carelogjournal@gmail.com"},"finalizeTime":"2026-03-27T18:38:23.016424Z","finalizeUser":{"email":"carelogjournal@gmail.com"}}
[debug] [2026-03-27T18:38:23.099Z] [hosting] finalized version for carelog:[object Object]
[info] ✔  hosting[carelog]: version finalized 
[info] i  hosting[carelog]: releasing new version... 
[debug] [2026-03-27T18:38:23.099Z] Checked if tokens are valid: true, expires at: 1774640297817
[debug] [2026-03-27T18:38:23.099Z] Checked if tokens are valid: true, expires at: 1774640297817
[debug] [2026-03-27T18:38:23.099Z] >>> [apiv2][query] POST https://firebasehosting.googleapis.com/v1beta1/projects/-/sites/carelog/channels/live/releases versionName=projects%2F527928340509%2Fsites%2Fcarelog%2Fversions%2Fd595e35bfad850b9
[debug] [2026-03-27T18:38:23.099Z] >>> [apiv2][body] POST https://firebasehosting.googleapis.com/v1beta1/projects/-/sites/carelog/channels/live/releases {}
[debug] [2026-03-27T18:38:23.973Z] <<< [apiv2][status] POST https://firebasehosting.googleapis.com/v1beta1/projects/-/sites/carelog/channels/live/releases 200
[debug] [2026-03-27T18:38:23.973Z] <<< [apiv2][body] POST https://firebasehosting.googleapis.com/v1beta1/projects/-/sites/carelog/channels/live/releases {"name":"projects/527928340509/sites/carelog/channels/live/releases/1774636703206000","version":{"name":"projects/527928340509/sites/carelog/versions/d595e35bfad850b9","status":"FINALIZED","config":{},"labels":{"deployment-tool":"cli-firebase"},"createTime":"2026-03-27T18:38:19.641132Z","createUser":{"email":"carelogjournal@gmail.com","imageUrl":"https://lh3.googleusercontent.com/a/ACg8ocLyBg8Z7urWCdXNe0nNVJwEChyCqhruRaNbLeuUdZiEeXKaVoI"},"finalizeTime":"2026-03-27T18:38:23.016424Z","finalizeUser":{"email":"carelogjournal@gmail.com","imageUrl":"https://lh3.googleusercontent.com/a/ACg8ocLyBg8Z7urWCdXNe0nNVJwEChyCqhruRaNbLeuUdZiEeXKaVoI"}},"type":"DEPLOY","releaseTime":"2026-03-27T18:38:23.206Z","releaseUser":{"email":"carelogjournal@gmail.com","imageUrl":"https://lh3.googleusercontent.com/a/ACg8ocLyBg8Z7urWCdXNe0nNVJwEChyCqhruRaNbLeuUdZiEeXKaVoI"}}
[debug] [2026-03-27T18:38:23.973Z] [hosting] release: {"name":"projects/527928340509/sites/carelog/channels/live/releases/1774636703206000","version":{"name":"projects/527928340509/sites/carelog/versions/d595e35bfad850b9","status":"FINALIZED","config":{},"labels":{"deployment-tool":"cli-firebase"},"createTime":"2026-03-27T18:38:19.641132Z","createUser":{"email":"carelogjournal@gmail.com","imageUrl":"https://lh3.googleusercontent.com/a/ACg8ocLyBg8Z7urWCdXNe0nNVJwEChyCqhruRaNbLeuUdZiEeXKaVoI"},"finalizeTime":"2026-03-27T18:38:23.016424Z","finalizeUser":{"email":"carelogjournal@gmail.com","imageUrl":"https://lh3.googleusercontent.com/a/ACg8ocLyBg8Z7urWCdXNe0nNVJwEChyCqhruRaNbLeuUdZiEeXKaVoI"}},"type":"DEPLOY","releaseTime":"2026-03-27T18:38:23.206Z","releaseUser":{"email":"carelogjournal@gmail.com","imageUrl":"https://lh3.googleusercontent.com/a/ACg8ocLyBg8Z7urWCdXNe0nNVJwEChyCqhruRaNbLeuUdZiEeXKaVoI"}}
[info] ✔  hosting[carelog]: release complete 
[info] 
[info] ✔  Deploy complete! 
[info] 
[info] Project Console: https://console.firebase.google.com/project/captureease-ef82f/overview
[info] Hosting URL: https://carelog.web.app
